<?xml version="1.0" encoding="UTF-8"?>
<testng-results ignored="0" total="1" passed="1" failed="0" skipped="0">
  <reporter-output>
  </reporter-output>
  <suite started-at="2023-09-04T11:18:12 IST" name="Default suite" finished-at="2023-09-04T11:18:39 IST" duration-ms="27599">
    <groups>
    </groups>
    <test started-at="2023-09-04T11:18:12 IST" name="Default test" finished-at="2023-09-04T11:18:39 IST" duration-ms="27599">
      <class name="trelloendtoend.TrelloCreateAndDeleteBoard">
        <test-method is-config="true" signature="executeBeforeMethod()[pri:0, instance:trelloendtoend.TrelloCreateAndDeleteBoard@306e95ec]" started-at="2023-09-04T11:18:12 IST" name="executeBeforeMethod" finished-at="2023-09-04T11:18:17 IST" duration-ms="5475" status="PASS">
          <reporter-output>
          </reporter-output>
        </test-method> <!-- executeBeforeMethod -->
        <test-method signature="CreateAndDeleteBoard()[pri:0, instance:trelloendtoend.TrelloCreateAndDeleteBoard@306e95ec]" started-at="2023-09-04T11:18:17 IST" name="CreateAndDeleteBoard" finished-at="2023-09-04T11:18:39 IST" duration-ms="22081" status="PASS">
          <reporter-output>
          </reporter-output>
        </test-method> <!-- CreateAndDeleteBoard -->
      </class> <!-- trelloendtoend.TrelloCreateAndDeleteBoard -->
    </test> <!-- Default test -->
  </suite> <!-- Default suite -->
</testng-results>
